<?xml version="1.0" encoding="UTF-8"?>
<testng-results ignored="0" total="1" passed="1" failed="0" skipped="0">
  <reporter-output>
  </reporter-output>
  <suite started-at="2023-08-23T23:09:46 IST" name="Default suite" finished-at="2023-08-23T23:09:47 IST" duration-ms="94">
    <groups>
    </groups>
    <test started-at="2023-08-23T23:09:46 IST" name="Default test" finished-at="2023-08-23T23:09:47 IST" duration-ms="94">
      <class name="testcase.VerifyPageTitleAfterNavToDropOption">
        <test-method signature="verifyPageTitleOfFlipkart()[pri:0, instance:testcase.VerifyPageTitleAfterNavToDropOption@55b699ef]" started-at="2023-08-23T23:09:47 IST" name="verifyPageTitleOfFlipkart" finished-at="2023-08-23T23:09:47 IST" duration-ms="12" status="PASS">
          <reporter-output>
          </reporter-output>
        </test-method> <!-- verifyPageTitleOfFlipkart -->
      </class> <!-- testcase.VerifyPageTitleAfterNavToDropOption -->
    </test> <!-- Default test -->
  </suite> <!-- Default suite -->
</testng-results>
